<?xml version="1.0" encoding="utf-8"?>
<test-run id="2" testcasecount="7" result="Passed" total="7" passed="7" failed="0" inconclusive="0" skipped="0" asserts="0" engine-version="3.5.0.0" clr-version="4.0.30319.42000" start-time="2026-07-05 06:18:04Z" end-time="2026-07-05 06:18:06Z" duration="1.3270039">
  <test-suite type="TestSuite" id="1000" name="VR" fullname="VR" runstate="Runnable" testcasecount="7" result="Passed" start-time="2026-07-05 06:18:04Z" end-time="2026-07-05 06:18:06Z" duration="1.327004" total="7" passed="7" failed="0" inconclusive="0" skipped="0" asserts="0">
    <properties />
    <test-suite type="Assembly" id="1009" name="SimulatedShooting.PlayModeTests.dll" fullname="E:/AI/project/SimulatedShooting/Library/ScriptAssemblies/SimulatedShooting.PlayModeTests.dll" runstate="Runnable" testcasecount="7" result="Passed" start-time="2026-07-05 06:18:04Z" end-time="2026-07-05 06:18:06Z" duration="1.321821" total="7" passed="7" failed="0" inconclusive="0" skipped="0" asserts="0">
      <properties>
        <property name="_PID" value="11620" />
        <property name="_APPDOMAIN" value="Unity Child Domain" />
        <property name="platform" value="PlayMode" />
      </properties>
      <test-suite type="TestSuite" id="1010" name="SimulatedShooting" fullname="SimulatedShooting" runstate="Runnable" testcasecount="7" result="Passed" start-time="2026-07-05 06:18:04Z" end-time="2026-07-05 06:18:06Z" duration="1.321344" total="7" passed="7" failed="0" inconclusive="0" skipped="0" asserts="0">
        <properties />
        <test-suite type="TestSuite" id="1011" name="Tests" fullname="SimulatedShooting.Tests" runstate="Runnable" testcasecount="7" result="Passed" start-time="2026-07-05 06:18:04Z" end-time="2026-07-05 06:18:06Z" duration="1.321048" total="7" passed="7" failed="0" inconclusive="0" skipped="0" asserts="0">
          <properties />
          <test-suite type="TestSuite" id="1012" name="PlayMode" fullname="SimulatedShooting.Tests.PlayMode" runstate="Runnable" testcasecount="7" result="Passed" start-time="2026-07-05 06:18:04Z" end-time="2026-07-05 06:18:06Z" duration="1.320373" total="7" passed="7" failed="0" inconclusive="0" skipped="0" asserts="0">
            <properties />
            <test-suite type="TestFixture" id="1001" name="ZeroingRangeSceneTests" fullname="SimulatedShooting.Tests.PlayMode.ZeroingRangeSceneTests" classname="SimulatedShooting.Tests.PlayMode.ZeroingRangeSceneTests" runstate="Runnable" testcasecount="7" result="Passed" start-time="2026-07-05 06:18:04Z" end-time="2026-07-05 06:18:06Z" duration="1.319426" total="7" passed="7" failed="0" inconclusive="0" skipped="0" asserts="0">
              <properties />
              <test-case id="1005" name="Task004_FirstPersonCompositionFramesTargetThroughRangeLane" fullname="SimulatedShooting.Tests.PlayMode.ZeroingRangeSceneTests.Task004_FirstPersonCompositionFramesTargetThroughRangeLane" methodname="Task004_FirstPersonCompositionFramesTargetThroughRangeLane" classname="SimulatedShooting.Tests.PlayMode.ZeroingRangeSceneTests" runstate="Runnable" seed="1456612006" result="Passed" start-time="2026-07-05 06:18:04Z" end-time="2026-07-05 06:18:05Z" duration="0.208061" asserts="0">
                <properties />
              </test-case>
              <test-case id="1002" name="Task004_SceneContainsStableTrainingAnchorsForVrAndNoVr" fullname="SimulatedShooting.Tests.PlayMode.ZeroingRangeSceneTests.Task004_SceneContainsStableTrainingAnchorsForVrAndNoVr" methodname="Task004_SceneContainsStableTrainingAnchorsForVrAndNoVr" classname="SimulatedShooting.Tests.PlayMode.ZeroingRangeSceneTests" runstate="Runnable" seed="935964748" result="Passed" start-time="2026-07-05 06:18:05Z" end-time="2026-07-05 06:18:05Z" duration="0.184836" asserts="0">
                <properties />
              </test-case>
              <test-case id="1004" name="Task004_TargetCanBeHitFromShootingPosition" fullname="SimulatedShooting.Tests.PlayMode.ZeroingRangeSceneTests.Task004_TargetCanBeHitFromShootingPosition" methodname="Task004_TargetCanBeHitFromShootingPosition" classname="SimulatedShooting.Tests.PlayMode.ZeroingRangeSceneTests" runstate="Runnable" seed="1602674432" result="Passed" start-time="2026-07-05 06:18:05Z" end-time="2026-07-05 06:18:05Z" duration="0.177362" asserts="0">
                <properties />
              </test-case>
              <test-case id="1003" name="Task004_TargetHasSpecifiedDimensionsAtOneHundredMetres" fullname="SimulatedShooting.Tests.PlayMode.ZeroingRangeSceneTests.Task004_TargetHasSpecifiedDimensionsAtOneHundredMetres" methodname="Task004_TargetHasSpecifiedDimensionsAtOneHundredMetres" classname="SimulatedShooting.Tests.PlayMode.ZeroingRangeSceneTests" runstate="Runnable" seed="45282859" result="Passed" start-time="2026-07-05 06:18:05Z" end-time="2026-07-05 06:18:05Z" duration="0.194824" asserts="0">
                <properties />
              </test-case>
              <test-case id="1007" name="Task012_ImpactCoordinatesUseCentimetresAndMatchVisualMarker" fullname="SimulatedShooting.Tests.PlayMode.ZeroingRangeSceneTests.Task012_ImpactCoordinatesUseCentimetresAndMatchVisualMarker" methodname="Task012_ImpactCoordinatesUseCentimetresAndMatchVisualMarker" classname="SimulatedShooting.Tests.PlayMode.ZeroingRangeSceneTests" runstate="Runnable" seed="1556930478" result="Passed" start-time="2026-07-05 06:18:05Z" end-time="2026-07-05 06:18:05Z" duration="0.176085" asserts="0">
                <properties />
              </test-case>
              <test-case id="1008" name="Task012_ImpactOutsideFiftyCentimetreFaceIsRejected" fullname="SimulatedShooting.Tests.PlayMode.ZeroingRangeSceneTests.Task012_ImpactOutsideFiftyCentimetreFaceIsRejected" methodname="Task012_ImpactOutsideFiftyCentimetreFaceIsRejected" classname="SimulatedShooting.Tests.PlayMode.ZeroingRangeSceneTests" runstate="Runnable" seed="1274510145" result="Passed" start-time="2026-07-05 06:18:05Z" end-time="2026-07-05 06:18:06Z" duration="0.177941" asserts="0">
                <properties />
              </test-case>
              <test-case id="1006" name="Task012_RaycastHitReturnsStableImpactCoordinates" fullname="SimulatedShooting.Tests.PlayMode.ZeroingRangeSceneTests.Task012_RaycastHitReturnsStableImpactCoordinates" methodname="Task012_RaycastHitReturnsStableImpactCoordinates" classname="SimulatedShooting.Tests.PlayMode.ZeroingRangeSceneTests" runstate="Runnable" seed="305315482" result="Passed" start-time="2026-07-05 06:18:06Z" end-time="2026-07-05 06:18:06Z" duration="0.190072" asserts="0">
                <properties />
              </test-case>
            </test-suite>
          </test-suite>
        </test-suite>
      </test-suite>
    </test-suite>
  </test-suite>
</test-run>